0 info it worked if it ends with ok
1 verbose cli [ 'C:\\Develop\\nodejs\\node.exe',
1 verbose cli   'C:\\Develop\\nodejs\\node_modules\\npm\\bin\\npm-cli.js',
1 verbose cli   'init',
1 verbose cli   '--yes' ]
2 info using npm@3.6.0
3 info using node@v5.7.0
4 silly package data undefined
5 info init written successfully
6 verbose stack Error: Invalid name: "vue框架"
6 verbose stack     at ensureValidName (C:\Develop\nvm\v5.7.0\node_modules\npm\node_modules\normalize-package-data\lib\fixer.js:336:15)
6 verbose stack     at Object.module.exports.fixNameField (C:\Develop\nvm\v5.7.0\node_modules\npm\node_modules\normalize-package-data\lib\fixer.js:215:5)
6 verbose stack     at C:\Develop\nvm\v5.7.0\node_modules\npm\node_modules\normalize-package-data\lib\normalize.js:32:38
6 verbose stack     at Array.forEach (native)
6 verbose stack     at normalize (C:\Develop\nvm\v5.7.0\node_modules\npm\node_modules\normalize-package-data\lib\normalize.js:31:15)
6 verbose stack     at final (C:\Develop\nvm\v5.7.0\node_modules\npm\node_modules\read-package-json\read-json.js:338:5)
6 verbose stack     at then (C:\Develop\nvm\v5.7.0\node_modules\npm\node_modules\read-package-json\read-json.js:113:5)
6 verbose stack     at ReadFileContext.<anonymous> (C:\Develop\nvm\v5.7.0\node_modules\npm\node_modules\read-package-json\read-json.js:284:20)
6 verbose stack     at ReadFileContext.callback (C:\Develop\nvm\v5.7.0\node_modules\npm\node_modules\graceful-fs\graceful-fs.js:76:16)
6 verbose stack     at FSReqWrap.readFileAfterOpen [as oncomplete] (fs.js:324:13)
7 verbose cwd D:\web\vue框架
8 error Windows_NT 6.1.7600
9 error argv "C:\\Develop\\nodejs\\node.exe" "C:\\Develop\\nodejs\\node_modules\\npm\\bin\\npm-cli.js" "init" "--yes"
10 error node v5.7.0
11 error npm  v3.6.0
12 error Invalid name: "vue框架"
13 error If you need help, you may report this error at:
13 error     <https://github.com/npm/npm/issues>
14 verbose exit [ 1, true ]
